<?xml version="1.0" encoding="UTF-8"?>
<!-- Generated by org.testng.reporters.JUnitReportReporter -->
<testsuite hostname="DESKTOP-BG83L86" failures="0" tests="1" name="com.nadsoft.www.tests.AddToCartTests" time="7.156" errors="0" timestamp="2025-03-06T15:24:40 IST" skipped="0">
  <testcase classname="com.nadsoft.www.tests.AddToCartTests" name="verifyAddToCart" time="7.156"/>
</testsuite> <!-- com.nadsoft.www.tests.AddToCartTests -->
